{"name": "Test03: Add product to cart - verify amount in header display", "status": "failed", "statusDetails": {"message": "AssertionError: Expected: 32, but got: 48", "trace": "self = <test_cases.test_web.Test_Web object at 0x0000027D3EEF8110>\n\n    @allure.title(\"Test03: Add product to cart - verify amount in header display\")\n    @allure.description(\"This test adds a product to the cart and verifies the amount in the header display\")\n    def test03_add_product_to_cart(self):\n        WebFlows.add_product_to_cart(product_name)\n        # WebFlows.verify_message_displayed_after_adding_cart(\"âœ” ADDED\")\n>       WebFlows.verify_amount_in_header_display(product_name)\n\ntest_cases\\test_web.py:40: \n_ _ _ _ _ _ _ _ _ _ _ _ _ _ _ _ _ _ _ _ _ _ _ _ _ _ _ _ _ _ _ _ _ _ _ _ _ _ _ _ _ _ _ _ _ _ _ _ _ _ _ _ _ _ _ _ _ _ _ _ _ _ _ _ _ _ _ _ _ _ _ _ _ _ _ _ _ _ _ _ _ _ _ _ _ _ _ _ _ _ _ _\nworkflows\\web_flow.py:60: in verify_amount_in_header_display\n    Verifications.verify_equals(expected_price_for_three_products, actual_price)\n_ _ _ _ _ _ _ _ _ _ _ _ _ _ _ _ _ _ _ _ _ _ _ _ _ _ _ _ _ _ _ _ _ _ _ _ _ _ _ _ _ _ _ _ _ _ _ _ _ _ _ _ _ _ _ _ _ _ _ _ _ _ _ _ _ _ _ _ _ _ _ _ _ _ _ _ _ _ _ _ _ _ _ _ _ _ _ _ _ _ _ _\n\nactual = '48', expected = '32'\n\n    @staticmethod\n    @allure.step(\"Verifying equals\")\n    def verify_equals(actual, expected):\n>       assert actual == expected, f\"Expected: {expected}, but got: {actual}\"\nE       AssertionError: Expected: 32, but got: 48\n\nextentions\\verifications.py:10: AssertionError"}, "description": "This test adds a product to the cart and verifies the amount in the header display", "steps": [{"name": "Add product to cart", "status": "passed", "steps": [{"name": "Clicking element", "status": "passed", "parameters": [{"name": "locator", "value": "<Locator frame=<Frame name= url='https://rahulshettyacademy.com/seleniumPractise/#/'> selector=\"//*[contains(text(), 'Tomato - 1 Kg')] >> //../div[2]/a[2]\">"}], "start": 1729421966363, "stop": 1729421966619}, {"name": "Clicking element", "status": "passed", "parameters": [{"name": "locator", "value": "<Locator frame=<Frame name= url='https://rahulshettyacademy.com/seleniumPractise/#/'> selector=\"//*[contains(text(), 'Tomato - 1 Kg')] >> //../div[3]/button\">"}], "start": 1729421966619, "stop": 1729421966838}], "parameters": [{"name": "product_name", "value": "'Tomato - 1 Kg'"}], "start": 1729421966361, "stop": 1729421966838}, {"name": "Getting text", "status": "passed", "parameters": [{"name": "locator", "value": "<Locator frame=<Frame name= url='https://rahulshettyacademy.com/seleniumPractise/#/'> selector=\"[class='cart-info'] tr:last-child strong\">"}], "start": 1729421966838, "stop": 1729421966879}, {"name": "Verifying equals", "status": "failed", "statusDetails": {"message": "AssertionError: Expected: 32, but got: 48\n", "trace": "  File \"C:\\Automation\\Playwright\\venv\\Lib\\site-packages\\allure_commons\\_allure.py\", line 192, in impl\n    return func(*a, **kw)\n           ^^^^^^^^^^^^^^\n  File \"C:\\Automation\\playwright_project\\extentions\\verifications.py\", line 10, in verify_equals\n    assert actual == expected, f\"Expected: {expected}, but got: {actual}\"\n"}, "parameters": [{"name": "actual", "value": "'48'"}, {"name": "expected", "value": "'32'"}], "start": 1729421966879, "stop": 1729421966879}], "start": 1729421966361, "stop": 1729421966880, "uuid": "8cc82c64-4c9f-4807-80d4-bf97126e2960", "historyId": "7b053d7e59a60350469febe0a17af7f5", "testCaseId": "7b053d7e59a60350469febe0a17af7f5", "fullName": "test_cases.test_web.Test_Web#test03_add_product_to_cart", "labels": [{"name": "tag", "value": "@pytest.mark.usefixtures('init_page')"}, {"name": "parentSuite", "value": "test_cases"}, {"name": "suite", "value": "test_web"}, {"name": "subSuite", "value": "Test_Web"}, {"name": "host", "value": "DESKTOP-L1RTC3B"}, {"name": "thread", "value": "23380-MainThread"}, {"name": "framework", "value": "pytest"}, {"name": "language", "value": "cpython3"}, {"name": "package", "value": "test_cases.test_web"}]}