{"name": "Test03: Add product to cart", "status": "failed", "statusDetails": {"message": "AssertionError: Expected: 360, but got: 360", "trace": "self = <test_cases.test_web.Test_Web object at 0x000001D5EFE693D0>\n\n    @allure.title(\"Test03: Add product to cart\")\n    @allure.description(\"This test verifies the product is added to the cart\")\n    def test03_add_product_to_cart(self):\n        WebFlows.add_product_to_cart(product_name)\n>       WebFlows.verify_amount_in_header_display(product_name)\n\ntest_cases\\test_web.py:35: \n_ _ _ _ _ _ _ _ _ _ _ _ _ _ _ _ _ _ _ _ _ _ _ _ _ _ _ _ _ _ _ _ _ _ _ _ _ _ _ _ _ _ _ _ _ _ _ _ _ _ _ _ _ _ _ _ _ _ _ _ _ _ _ _ _ _ _ _ _ _ _ _ _ _ _ _ _ _ _ _ _ _ _ _ _ _ _ _ _ _ _ _\nworkflows\\web_flow.py:48: in verify_amount_in_header_display\n    Verifications.verify_equals(expected_price_for_three_products, actual_price)\n_ _ _ _ _ _ _ _ _ _ _ _ _ _ _ _ _ _ _ _ _ _ _ _ _ _ _ _ _ _ _ _ _ _ _ _ _ _ _ _ _ _ _ _ _ _ _ _ _ _ _ _ _ _ _ _ _ _ _ _ _ _ _ _ _ _ _ _ _ _ _ _ _ _ _ _ _ _ _ _ _ _ _ _ _ _ _ _ _ _ _ _\n\nactual = 360, expected = '360'\n\n    @staticmethod\n    @allure.step(\"Verifying equals\")\n    def verify_equals(actual, expected):\n>       assert actual == expected, f\"Expected: {expected}, but got: {actual}\"\nE       AssertionError: Expected: 360, but got: 360\n\nextentions\\verifications.py:10: AssertionError"}, "description": "This test verifies the product is added to the cart", "steps": [{"name": "Add product to cart", "status": "passed", "parameters": [{"name": "product_name", "value": "'Brocolli - 1 Kg'"}], "start": 1729420248854, "stop": 1729420249336}, {"name": "Getting text", "status": "passed", "parameters": [{"name": "locator", "value": "<Locator frame=<Frame name= url='https://rahulshettyacademy.com/seleniumPractise/#/'> selector=\"[class='cart-info'] tr:last-child strong\">"}], "start": 1729420249337, "stop": 1729420249365}, {"name": "Verifying equals", "status": "failed", "statusDetails": {"message": "AssertionError: Expected: 360, but got: 360\n", "trace": "  File \"C:\\Automation\\Playwright\\venv\\Lib\\site-packages\\allure_commons\\_allure.py\", line 192, in impl\n    return func(*a, **kw)\n           ^^^^^^^^^^^^^^\n  File \"C:\\Automation\\playwright_project\\extentions\\verifications.py\", line 10, in verify_equals\n    assert actual == expected, f\"Expected: {expected}, but got: {actual}\"\n"}, "parameters": [{"name": "actual", "value": "360"}, {"name": "expected", "value": "'360'"}], "start": 1729420249365, "stop": 1729420249365}], "start": 1729420248854, "stop": 1729420249380, "uuid": "97229e6d-2288-4139-be21-3f58bb331dfa", "historyId": "7b053d7e59a60350469febe0a17af7f5", "testCaseId": "7b053d7e59a60350469febe0a17af7f5", "fullName": "test_cases.test_web.Test_Web#test03_add_product_to_cart", "labels": [{"name": "tag", "value": "@pytest.mark.usefixtures('init_page')"}, {"name": "parentSuite", "value": "test_cases"}, {"name": "suite", "value": "test_web"}, {"name": "subSuite", "value": "Test_Web"}, {"name": "host", "value": "DESKTOP-L1RTC3B"}, {"name": "thread", "value": "12736-MainThread"}, {"name": "framework", "value": "pytest"}, {"name": "language", "value": "cpython3"}, {"name": "package", "value": "test_cases.test_web"}]}