{"name": "Test02: Add two product to cart - verify correct information in cart", "status": "failed", "statusDetails": {"message": "AssertionError: Failed conditions count: [ 2 ]\n\n1. Exception: Expected: 120, but got: 120\nFail in \"C:\\Automation\\playwright_project\\extentions\\verifications.py:15\" verify_soft_assert_equals()\n\n2. Exception: Expected: 120, but got: 120\nFail in \"C:\\Automation\\playwright_project\\extentions\\verifications.py:15\" verify_soft_assert_equals()", "trace": "self = <test_cases.test_web.Test_Web object at 0x000002668132A600>\n\n    @allure.title(\"Test02: Add two product to cart - verify correct information in cart\")\n    @allure.description(\n        \"This test adds a product to the cart and verifies the correct information in the cart: name of product,\"\n        \"price display, and total amount\")\n    def test_verify_product_info_in_cart(self):\n        WebFlows.add_product_to_cart(get_data(\"PRODUCT_ONE\"))\n        WebFlows.add_two_products_to_cart(get_data(\"PRODUCT_TWO\"))\n>       WebFlows.verify_cart_information_in_cart(get_data(\"PRODUCT_ONE\"), get_data(\"PRODUCT_TWO\"),\n                                                 get_data(\"EXPECTED_TOTAL_PRICE_PROD_ONE\"),\n                                                 get_data(\"EXPECTED_TOTAL_PRICE_PROD_TWO\"))\n\ntest_cases\\test_web.py:33: \n_ _ _ _ _ _ _ _ _ _ _ _ _ _ _ _ _ _ _ _ _ _ _ _ _ _ _ _ _ _ _ _ _ _ _ _ _ _ _ _ _ _ _ _ _ _ _ _ _ _ _ _ _ _ _ _ _ _ _ _ _ _ _ _ _ _ _ _ _ _ _ _ _ _ _ _ _ _ _ _ _ _ _ _ _ _ _ _ _ _ _ _\nworkflows\\web_flow.py:143: in verify_cart_information_in_cart\n    verify_expectations()\n..\\Playwright\\venv\\Lib\\site-packages\\smart_assertions\\smart_assertions.py:24: in verify_expectations\n    report_exceptions()\n_ _ _ _ _ _ _ _ _ _ _ _ _ _ _ _ _ _ _ _ _ _ _ _ _ _ _ _ _ _ _ _ _ _ _ _ _ _ _ _ _ _ _ _ _ _ _ _ _ _ _ _ _ _ _ _ _ _ _ _ _ _ _ _ _ _ _ _ _ _ _ _ _ _ _ _ _ _ _ _ _ _ _ _ _ _ _ _ _ _ _ _\n\n    def report_exceptions():\n        global failed_conditions\n        if failed_conditions:\n            report = ['Failed conditions count: [ {} ]\\n'.format(len(failed_conditions))]\n            for index, failure in enumerate(failed_conditions, start=1):\n                if len(failed_conditions) > 1:\n                    report.append('{}. {}'.format(index, failure))\n                else:\n                    report.append(failure)\n            failed_conditions = []\n>           raise AssertionError('\\n'.join(report))\nE           AssertionError: Failed conditions count: [ 2 ]\nE           \nE           1. Exception: Expected: 120, but got: 120\nE           Fail in \"C:\\Automation\\playwright_project\\extentions\\verifications.py:15\" verify_soft_assert_equals()\nE           \nE           2. Exception: Expected: 120, but got: 120\nE           Fail in \"C:\\Automation\\playwright_project\\extentions\\verifications.py:15\" verify_soft_assert_equals()\n\n..\\Playwright\\venv\\Lib\\site-packages\\smart_assertions\\smart_assertions.py:43: AssertionError"}, "description": "This test adds a product to the cart and verifies the correct information in the cart: name of product,price display, and total amount", "steps": [{"name": "Add one product to cart", "status": "passed", "steps": [{"name": "Clicking element", "status": "passed", "parameters": [{"name": "locator", "value": "<Locator frame=<Frame name= url='https://rahulshettyacademy.com/seleniumPractise/#/'> selector=\"//*[contains(text(), 'Brocolli - 1 Kg')] >> //../div[2]/a[1]\">"}], "start": 1729520259066, "stop": 1729520259318}, {"name": "Clicking element", "status": "passed", "parameters": [{"name": "locator", "value": "<Locator frame=<Frame name= url='https://rahulshettyacademy.com/seleniumPractise/#/'> selector=\"//*[contains(text(), 'Brocolli - 1 Kg')] >> //../div[3]/button\">"}], "start": 1729520259318, "stop": 1729520259520}], "parameters": [{"name": "product_name", "value": "'Brocolli - 1 Kg'"}], "start": 1729520259066, "stop": 1729520259520}, {"name": "Add two product to cart", "status": "passed", "steps": [{"name": "Clicking element", "status": "passed", "parameters": [{"name": "locator", "value": "<Locator frame=<Frame name= url='https://rahulshettyacademy.com/seleniumPractise/#/'> selector=\"//*[contains(text(), 'Cucumber - 1 Kg')] >> //../div[2]/a[2]\">"}], "start": 1729520259521, "stop": 1729520259753}, {"name": "Clicking element", "status": "passed", "parameters": [{"name": "locator", "value": "<Locator frame=<Frame name= url='https://rahulshettyacademy.com/seleniumPractise/#/'> selector=\"//*[contains(text(), 'Cucumber - 1 Kg')] >> //../div[3]/button\">"}], "start": 1729520259754, "stop": 1729520259970}], "parameters": [{"name": "product_name", "value": "'Cucumber - 1 Kg'"}], "start": 1729520259521, "stop": 1729520259970}, {"name": "Verify cart information in top header display", "status": "failed", "statusDetails": {"message": "AssertionError: Failed conditions count: [ 2 ]\n\n1. Exception: Expected: 120, but got: 120\nFail in \"C:\\Automation\\playwright_project\\extentions\\verifications.py:15\" verify_soft_assert_equals()\n\n2. Exception: Expected: 120, but got: 120\nFail in \"C:\\Automation\\playwright_project\\extentions\\verifications.py:15\" verify_soft_assert_equals()\n\n", "trace": "  File \"C:\\Automation\\Playwright\\venv\\Lib\\site-packages\\allure_commons\\_allure.py\", line 192, in impl\n    return func(*a, **kw)\n           ^^^^^^^^^^^^^^\n  File \"C:\\Automation\\playwright_project\\workflows\\web_flow.py\", line 143, in verify_cart_information_in_cart\n    verify_expectations()\n  File \"C:\\Automation\\Playwright\\venv\\Lib\\site-packages\\smart_assertions\\smart_assertions.py\", line 24, in verify_expectations\n    report_exceptions()\n  File \"C:\\Automation\\Playwright\\venv\\Lib\\site-packages\\smart_assertions\\smart_assertions.py\", line 43, in report_exceptions\n    raise AssertionError('\\n'.join(report))\n"}, "steps": [{"name": "Clicking element", "status": "passed", "parameters": [{"name": "locator", "value": "<Locator frame=<Frame name= url='https://rahulshettyacademy.com/seleniumPractise/#/'> selector=\"[class='cart-icon']\">"}], "start": 1729520259972, "stop": 1729520260200}, {"name": "Getting text", "status": "passed", "parameters": [{"name": "locator", "value": "<Locator frame=<Frame name= url='https://rahulshettyacademy.com/seleniumPractise/#/'> selector=\"p[class='product-name'] >> nth=0\">"}], "start": 1729520260200, "stop": 1729520260232}, {"name": "Getting text", "status": "passed", "parameters": [{"name": "locator", "value": "<Locator frame=<Frame name= url='https://rahulshettyacademy.com/seleniumPractise/#/'> selector=\"p[class='product-name'] >> nth=-1\">"}], "start": 1729520260233, "stop": 1729520260253}, {"name": "Verifying equals using smart assertions", "status": "passed", "parameters": [{"name": "actual", "value": "'Brocolli - 1 Kg'"}, {"name": "expected", "value": "'Brocolli - 1 Kg'"}], "start": 1729520260254, "stop": 1729520260254}, {"name": "Verifying equals using smart assertions", "status": "passed", "parameters": [{"name": "actual", "value": "'Cucumber - 1 Kg'"}, {"name": "expected", "value": "'Cucumber - 1 Kg'"}], "start": 1729520260254, "stop": 1729520260254}, {"name": "Getting text", "status": "passed", "parameters": [{"name": "locator", "value": "<Locator frame=<Frame name= url='https://rahulshettyacademy.com/seleniumPractise/#/'> selector=\"[class='cart-item'] p[class='product-price'] >> nth=0\">"}], "start": 1729520260254, "stop": 1729520260280}, {"name": "Getting text", "status": "passed", "parameters": [{"name": "locator", "value": "<Locator frame=<Frame name= url='https://rahulshettyacademy.com/seleniumPractise/#/'> selector=\"[class='cart-item'] p[class='product-price'] >> nth=-1\">"}], "start": 1729520260281, "stop": 1729520260302}, {"name": "Getting text", "status": "passed", "parameters": [{"name": "locator", "value": "<Locator frame=<Frame name= url='https://rahulshettyacademy.com/seleniumPractise/#/'> selector=\"[class='cart-item'] [class='quantity'] >> nth=0\">"}], "start": 1729520260302, "stop": 1729520260322}, {"name": "Getting text", "status": "passed", "parameters": [{"name": "locator", "value": "<Locator frame=<Frame name= url='https://rahulshettyacademy.com/seleniumPractise/#/'> selector=\"[class='cart-item'] [class='quantity'] >> nth=-1\">"}], "start": 1729520260323, "stop": 1729520260340}, {"name": "Verifying equals using smart assertions", "status": "passed", "parameters": [{"name": "actual", "value": "120"}, {"name": "expected", "value": "'120'"}], "start": 1729520260340, "stop": 1729520260346}, {"name": "Verifying equals using smart assertions", "status": "passed", "parameters": [{"name": "actual", "value": "120"}, {"name": "expected", "value": "'120'"}], "start": 1729520260346, "stop": 1729520260351}], "parameters": [{"name": "product_one", "value": "'Brocolli - 1 Kg'"}, {"name": "product_two", "value": "'Cucumber - 1 Kg'"}, {"name": "expected_total_price_for_one_product", "value": "'120'"}, {"name": "expected_total_price_for_two_products", "value": "'120'"}], "start": 1729520259971, "stop": 1729520260351}], "start": 1729520259062, "stop": 1729520260351, "uuid": "400a5d7c-6dfa-4b35-9a0f-33f5c3c10b90", "historyId": "dc26ad23e8604c026ddd9031d115c398", "testCaseId": "dc26ad23e8604c026ddd9031d115c398", "fullName": "test_cases.test_web.Test_Web#test_verify_product_info_in_cart", "labels": [{"name": "tag", "value": "@pytest.mark.usefixtures('init_page')"}, {"name": "parentSuite", "value": "test_cases"}, {"name": "suite", "value": "test_web"}, {"name": "subSuite", "value": "Test_Web"}, {"name": "host", "value": "DESKTOP-L1RTC3B"}, {"name": "thread", "value": "10664-MainThread"}, {"name": "framework", "value": "pytest"}, {"name": "language", "value": "cpython3"}, {"name": "package", "value": "test_cases.test_web"}]}