{"name": "Test04: Verify the correct information in the checkout page", "status": "failed", "statusDetails": {"message": "AssertionError: Failed conditions count: [ 2 ]\n\n1. Exception: Expected: 16, but got: 16 when verifying product price\nFail in \"C:\\Automation\\playwright_project\\extentions\\verifications.py:15\" verify_soft_assert_equals()\n\n2. Exception: Expected: 16, but got: 16 when verifying total price\nFail in \"C:\\Automation\\playwright_project\\extentions\\verifications.py:15\" verify_soft_assert_equals()", "trace": "self = <test_cases.test_web.Test_Web object at 0x0000022E50D82060>\n\n    @pytest.mark.usefixtures(\"refresh_page\")\n    @allure.title(\"Test04: Verify the correct information in the checkout page\")\n    @allure.description(\n        \"This test adds a product to the cart and verifies the correct information in the checkout page\")\n    def test_verify_checkout_page(self):\n        WebFlows.add_product_to_cart(get_data(\"PRODUCT_NAME_CHECK_OUT\"))\n        WebFlows.proceed_to_checkout_page_flow()\n>       WebFlows.verify_cart_information_in_table(get_data(\"PRODUCT_NAME_CHECK_OUT\"),\n                                                  get_data(\"EXPECTED_PRICE_PROD_CHECK_OUT\"),\n                                                  get_data(\"COUNTER_ONE_PRODUCT\"),\n                                                  get_data(\"EXPECTED_TOTAL_PRICE_PROD_CHECK_OUT\"))\n\ntest_cases\\test_web.py:53: \n_ _ _ _ _ _ _ _ _ _ _ _ _ _ _ _ _ _ _ _ _ _ _ _ _ _ _ _ _ _ _ _ _ _ _ _ _ _ _ _ _ _ _ _ _ _ _ _ _ _ _ _ _ _ _ _ _ _ _ _ _ _ _ _ _ _ _ _ _ _ _ _ _ _ _ _ _ _ _ _ _ _ _ _ _ _ _ _ _ _ _ _\nworkflows\\web_flow.py:167: in verify_cart_information_in_table\n    verify_expectations()\n..\\Playwright\\venv\\Lib\\site-packages\\smart_assertions\\smart_assertions.py:24: in verify_expectations\n    report_exceptions()\n_ _ _ _ _ _ _ _ _ _ _ _ _ _ _ _ _ _ _ _ _ _ _ _ _ _ _ _ _ _ _ _ _ _ _ _ _ _ _ _ _ _ _ _ _ _ _ _ _ _ _ _ _ _ _ _ _ _ _ _ _ _ _ _ _ _ _ _ _ _ _ _ _ _ _ _ _ _ _ _ _ _ _ _ _ _ _ _ _ _ _ _\n\n    def report_exceptions():\n        global failed_conditions\n        if failed_conditions:\n            report = ['Failed conditions count: [ {} ]\\n'.format(len(failed_conditions))]\n            for index, failure in enumerate(failed_conditions, start=1):\n                if len(failed_conditions) > 1:\n                    report.append('{}. {}'.format(index, failure))\n                else:\n                    report.append(failure)\n            failed_conditions = []\n>           raise AssertionError('\\n'.join(report))\nE           AssertionError: Failed conditions count: [ 2 ]\nE           \nE           1. Exception: Expected: 16, but got: 16 when verifying product price\nE           Fail in \"C:\\Automation\\playwright_project\\extentions\\verifications.py:15\" verify_soft_assert_equals()\nE           \nE           2. Exception: Expected: 16, but got: 16 when verifying total price\nE           Fail in \"C:\\Automation\\playwright_project\\extentions\\verifications.py:15\" verify_soft_assert_equals()\n\n..\\Playwright\\venv\\Lib\\site-packages\\smart_assertions\\smart_assertions.py:43: AssertionError"}, "description": "This test adds a product to the cart and verifies the correct information in the checkout page", "steps": [{"name": "Add one product to cart", "status": "passed", "steps": [{"name": "Clicking element", "status": "passed", "parameters": [{"name": "locator", "value": "<Locator frame=<Frame name= url='https://rahulshettyacademy.com/seleniumPractise/#/'> selector=\"//*[contains(text(), 'Tomato - 1 Kg')] >> //../div[2]/a[1]\">"}], "start": 1729594928638, "stop": 1729594929230}, {"name": "Clicking element", "status": "passed", "parameters": [{"name": "locator", "value": "<Locator frame=<Frame name= url='https://rahulshettyacademy.com/seleniumPractise/#/'> selector=\"//*[contains(text(), 'Tomato - 1 Kg')] >> //../div[3]/button\">"}], "start": 1729594929230, "stop": 1729594929430}], "parameters": [{"name": "product_name", "value": "'Tomato - 1 Kg'"}], "start": 1729594928638, "stop": 1729594929430}, {"name": "Click the cart button & Proceed to checkout", "status": "passed", "steps": [{"name": "Proceed to checkout page", "status": "passed", "steps": [{"name": "Clicking element", "status": "passed", "parameters": [{"name": "locator", "value": "<Locator frame=<Frame name= url='https://rahulshettyacademy.com/seleniumPractise/#/'> selector=\"[class='cart-icon']\">"}], "start": 1729594929430, "stop": 1729594929620}, {"name": "Clicking element", "status": "passed", "parameters": [{"name": "locator", "value": "<Locator frame=<Frame name= url='https://rahulshettyacademy.com/seleniumPractise/#/'> selector='text=PROCEED TO CHECKOUT'>"}], "start": 1729594929620, "stop": 1729594929818}], "start": 1729594929430, "stop": 1729594929819}], "start": 1729594929430, "stop": 1729594929819}, {"name": "Verify cart information in table inside checkout page", "status": "failed", "statusDetails": {"message": "AssertionError: Failed conditions count: [ 2 ]\n\n1. Exception: Expected: 16, but got: 16 when verifying product price\nFail in \"C:\\Automation\\playwright_project\\extentions\\verifications.py:15\" verify_soft_assert_equals()\n\n2. Exception: Expected: 16, but got: 16 when verifying total price\nFail in \"C:\\Automation\\playwright_project\\extentions\\verifications.py:15\" verify_soft_assert_equals()\n\n", "trace": "  File \"C:\\Automation\\Playwright\\venv\\Lib\\site-packages\\allure_commons\\_allure.py\", line 192, in impl\n    return func(*a, **kw)\n           ^^^^^^^^^^^^^^\n  File \"C:\\Automation\\playwright_project\\workflows\\web_flow.py\", line 167, in verify_cart_information_in_table\n    verify_expectations()\n  File \"C:\\Automation\\Playwright\\venv\\Lib\\site-packages\\smart_assertions\\smart_assertions.py\", line 24, in verify_expectations\n    report_exceptions()\n  File \"C:\\Automation\\Playwright\\venv\\Lib\\site-packages\\smart_assertions\\smart_assertions.py\", line 43, in report_exceptions\n    raise AssertionError('\\n'.join(report))\n"}, "steps": [{"name": "Getting text", "status": "passed", "parameters": [{"name": "locator", "value": "<Locator frame=<Frame name= url='https://rahulshettyacademy.com/seleniumPractise/#/'> selector=\"tbody tr td [class='product-name']\">"}], "start": 1729594929820, "stop": 1729594930652}, {"name": "Verifying equals using smart assertions", "status": "passed", "parameters": [{"name": "actual", "value": "'Tomato - 1 Kg'"}, {"name": "expected", "value": "'Tomato - 1 Kg'"}, {"name": "message", "value": "'product name'"}], "start": 1729594930652, "stop": 1729594930652}, {"name": "Getting text", "status": "passed", "parameters": [{"name": "locator", "value": "<Locator frame=<Frame name= url='https://rahulshettyacademy.com/seleniumPractise/#/cart'> selector=\"tbody tr td [class='amount'] >> nth=0\">"}], "start": 1729594930652, "stop": 1729594930671}, {"name": "Verifying equals using smart assertions", "status": "passed", "parameters": [{"name": "actual", "value": "16"}, {"name": "expected", "value": "'16'"}, {"name": "message", "value": "'product price'"}], "start": 1729594930671, "stop": 1729594930675}, {"name": "Getting text", "status": "passed", "parameters": [{"name": "locator", "value": "<Locator frame=<Frame name= url='https://rahulshettyacademy.com/seleniumPractise/#/cart'> selector=\"tbody tr td [class='quantity']\">"}], "start": 1729594930675, "stop": 1729594930695}, {"name": "Verifying equals using smart assertions", "status": "passed", "parameters": [{"name": "actual", "value": "'1'"}, {"name": "expected", "value": "'1'"}, {"name": "message", "value": "None"}], "start": 1729594930695, "stop": 1729594930695}, {"name": "Getting text", "status": "passed", "parameters": [{"name": "locator", "value": "<Locator frame=<Frame name= url='https://rahulshettyacademy.com/seleniumPractise/#/cart'> selector=\"tbody tr td [class='amount'] >> nth=-1\">"}], "start": 1729594930696, "stop": 1729594930712}, {"name": "Verifying equals using smart assertions", "status": "passed", "parameters": [{"name": "actual", "value": "16"}, {"name": "expected", "value": "'16'"}, {"name": "message", "value": "'total price'"}], "start": 1729594930712, "stop": 1729594930718}], "parameters": [{"name": "product_name", "value": "'Tomato - 1 Kg'"}, {"name": "price", "value": "'16'"}, {"name": "counter", "value": "'1'"}, {"name": "total_price", "value": "'16'"}], "start": 1729594929820, "stop": 1729594930718}], "start": 1729594928638, "stop": 1729594930719, "uuid": "25d4063f-d428-4bb8-b862-8acea0b774e9", "historyId": "1941c58f6e5da1a7293c5c5708fe1c69", "testCaseId": "1941c58f6e5da1a7293c5c5708fe1c69", "fullName": "test_cases.test_web.Test_Web#test_verify_checkout_page", "labels": [{"name": "tag", "value": "@pytest.mark.usefixtures('refresh_page')"}, {"name": "parentSuite", "value": "test_cases"}, {"name": "suite", "value": "test_web"}, {"name": "subSuite", "value": "Test_Web"}, {"name": "host", "value": "DESKTOP-L1RTC3B"}, {"name": "thread", "value": "18728-MainThread"}, {"name": "framework", "value": "pytest"}, {"name": "language", "value": "cpython3"}, {"name": "package", "value": "test_cases.test_web"}]}