{"name": "Test07: Verify purchase flow", "status": "failed", "statusDetails": {"message": "AssertionError: Failed conditions count: [ 1 ]\n\nException: Expected: Thank you, your order has been placed successfully\n        You'll be redirected to Home page shortly!!\n    , but got: Thank you, your order has been placed successfully\nYou'll be redirected to Home page shortly!! when verifying success order message\nFail in \"C:\\Automation\\playwright_project\\extentions\\verifications.py:15\" verify_soft_assert_equals()", "trace": "self = <test_cases.test_web.Test_Web object at 0x00000228262E1AC0>\n\n    @pytest.mark.usefixtures(\"main_page\")\n    @allure.title(\"Test07: Verify purchase flow\")\n    @allure.description(\n        \"This test adds a product to the cart and verifies the complete purchase flow\")\n    def test_verify_incorrect_promo_code(self):\n        WebFlows.add_product_to_cart(get_data(\"PRODUCT\"))\n        WebFlows.proceed_to_country_page_flow()\n        WebFlows.filling_country_page_information_flow(get_data(\"COUNTRY\"))\n>       WebFlows.verify_successful_order_message(get_data(\"ORDER_MESSAGE\"))\n\ntest_cases\\test_web.py:96: \n_ _ _ _ _ _ _ _ _ _ _ _ _ _ _ _ _ _ _ _ _ _ _ _ _ _ _ _ _ _ _ _ _ _ _ _ _ _ _ _ _ _ _ _ _ _ _ _ _ _ _ _ _ _ _ _ _ _ _ _ _ _ _ _ _ _ _ _ _ _ _ _ _ _ _ _ _ _ _ _ _ _ _ _ _ _ _ _ _ _ _ _\nworkflows\\web_flow.py:216: in verify_successful_order_message\n    verify_expectations()\n..\\Playwright\\venv\\Lib\\site-packages\\smart_assertions\\smart_assertions.py:24: in verify_expectations\n    report_exceptions()\n_ _ _ _ _ _ _ _ _ _ _ _ _ _ _ _ _ _ _ _ _ _ _ _ _ _ _ _ _ _ _ _ _ _ _ _ _ _ _ _ _ _ _ _ _ _ _ _ _ _ _ _ _ _ _ _ _ _ _ _ _ _ _ _ _ _ _ _ _ _ _ _ _ _ _ _ _ _ _ _ _ _ _ _ _ _ _ _ _ _ _ _\n\n    def report_exceptions():\n        global failed_conditions\n        if failed_conditions:\n            report = ['Failed conditions count: [ {} ]\\n'.format(len(failed_conditions))]\n            for index, failure in enumerate(failed_conditions, start=1):\n                if len(failed_conditions) > 1:\n                    report.append('{}. {}'.format(index, failure))\n                else:\n                    report.append(failure)\n            failed_conditions = []\n>           raise AssertionError('\\n'.join(report))\nE           AssertionError: Failed conditions count: [ 1 ]\nE           \nE           Exception: Expected: Thank you, your order has been placed successfully\nE                   You'll be redirected to Home page shortly!!\nE               , but got: Thank you, your order has been placed successfully\nE           You'll be redirected to Home page shortly!! when verifying success order message\nE           Fail in \"C:\\Automation\\playwright_project\\extentions\\verifications.py:15\" verify_soft_assert_equals()\n\n..\\Playwright\\venv\\Lib\\site-packages\\smart_assertions\\smart_assertions.py:43: AssertionError"}, "description": "This test adds a product to the cart and verifies the complete purchase flow", "steps": [{"name": "Add one product to cart", "status": "passed", "steps": [{"name": "Clicking element", "status": "passed", "parameters": [{"name": "locator", "value": "<Locator frame=<Frame name= url='https://rahulshettyacademy.com/seleniumPractise/#/'> selector=\"//*[contains(text(), 'Brocolli - 1 Kg')] >> //../div[2]/a[1]\">"}], "start": 1729607061506, "stop": 1729607061761}, {"name": "Clicking element", "status": "passed", "parameters": [{"name": "locator", "value": "<Locator frame=<Frame name= url='https://rahulshettyacademy.com/seleniumPractise/#/'> selector=\"//*[contains(text(), 'Brocolli - 1 Kg')] >> //../div[3]/button\">"}], "start": 1729607061761, "stop": 1729607061959}], "parameters": [{"name": "product_name", "value": "'Brocolli - 1 Kg'"}], "start": 1729607061506, "stop": 1729607061959}, {"name": "Proceed to final country page", "status": "passed", "steps": [{"name": "Proceed to checkout page", "status": "passed", "steps": [{"name": "Clicking element", "status": "passed", "parameters": [{"name": "locator", "value": "<Locator frame=<Frame name= url='https://rahulshettyacademy.com/seleniumPractise/#/'> selector=\"[class='cart-icon']\">"}], "start": 1729607061960, "stop": 1729607062156}, {"name": "Clicking element", "status": "passed", "parameters": [{"name": "locator", "value": "<Locator frame=<Frame name= url='https://rahulshettyacademy.com/seleniumPractise/#/'> selector='text=PROCEED TO CHECKOUT'>"}], "start": 1729607062156, "stop": 1729607062337}], "start": 1729607061960, "stop": 1729607062337}, {"name": "Clicking element", "status": "passed", "parameters": [{"name": "locator", "value": "<Locator frame=<Frame name= url='https://rahulshettyacademy.com/seleniumPractise/#/'> selector='text=Place Order'>"}], "start": 1729607062337, "stop": 1729607063372}], "start": 1729607061960, "stop": 1729607063372}, {"name": "Filling country page information", "status": "passed", "steps": [{"name": "Selecting option from dropdown", "status": "passed", "parameters": [{"name": "locator", "value": "<Locator frame=<Frame name= url='https://rahulshettyacademy.com/seleniumPractise/#/country'> selector='select'>"}, {"name": "option", "value": "'Israel'"}], "start": 1729607063372, "stop": 1729607063508}, {"name": "Clicking element", "status": "passed", "parameters": [{"name": "locator", "value": "<Locator frame=<Frame name= url='https://rahulshettyacademy.com/seleniumPractise/#/country'> selector=\"[class='chkAgree']\">"}], "start": 1729607063508, "stop": 1729607063903}, {"name": "Clicking element", "status": "passed", "parameters": [{"name": "locator", "value": "<Locator frame=<Frame name= url='https://rahulshettyacademy.com/seleniumPractise/#/country'> selector='text=Proceed'>"}], "start": 1729607063903, "stop": 1729607064051}], "parameters": [{"name": "country", "value": "'Israel'"}], "start": 1729607063372, "stop": 1729607064051}, {"name": "Verify order successful message", "status": "failed", "statusDetails": {"message": "AssertionError: Failed conditions count: [ 1 ]\n\nException: Expected: Thank you, your order has been placed successfully\n        You'll be redirected to Home page shortly!!\n    , but got: Thank you, your order has been placed successfully\nYou'll be redirected to Home page shortly!! when verifying success order message\nFail in \"C:\\Automation\\playwright_project\\extentions\\verifications.py:15\" verify_soft_assert_equals()\n\n", "trace": "  File \"C:\\Automation\\Playwright\\venv\\Lib\\site-packages\\allure_commons\\_allure.py\", line 192, in impl\n    return func(*a, **kw)\n           ^^^^^^^^^^^^^^\n  File \"C:\\Automation\\playwright_project\\workflows\\web_flow.py\", line 216, in verify_successful_order_message\n    verify_expectations()\n  File \"C:\\Automation\\Playwright\\venv\\Lib\\site-packages\\smart_assertions\\smart_assertions.py\", line 24, in verify_expectations\n    report_exceptions()\n  File \"C:\\Automation\\Playwright\\venv\\Lib\\site-packages\\smart_assertions\\smart_assertions.py\", line 43, in report_exceptions\n    raise AssertionError('\\n'.join(report))\n"}, "steps": [{"name": "Getting text", "status": "passed", "parameters": [{"name": "locator", "value": "<Locator frame=<Frame name= url='https://rahulshettyacademy.com/seleniumPractise/#/country'> selector=\"[class='products'] span >> nth=0\">"}], "start": 1729607064051, "stop": 1729607064082}, {"name": "Verifying equals using smart assertions", "status": "passed", "parameters": [{"name": "actual", "value": "'Thank you, your order has been placed successfully\nYou'll be redirected to Home page shortly!!'"}, {"name": "expected", "value": "'Thank you, your order has been placed successfully\n        You'll be redirected to Home page shortly!!\n    '"}, {"name": "message", "value": "'success order message'"}], "start": 1729607064083, "stop": 1729607064083}], "parameters": [{"name": "expected_message", "value": "'Thank you, your order has been placed successfully\n        You'll be redirected to Home page shortly!!\n    '"}], "start": 1729607064051, "stop": 1729607064083}], "start": 1729607061506, "stop": 1729607064083, "uuid": "4091f261-343b-4f46-ae7c-c286b8e3fcf7", "historyId": "980eedfe89d8bfa41417691cc789b4fc", "testCaseId": "980eedfe89d8bfa41417691cc789b4fc", "fullName": "test_cases.test_web.Test_Web#test_verify_incorrect_promo_code", "labels": [{"name": "tag", "value": "@pytest.mark.usefixtures('main_page')"}, {"name": "parentSuite", "value": "test_cases"}, {"name": "suite", "value": "test_web"}, {"name": "subSuite", "value": "Test_Web"}, {"name": "host", "value": "DESKTOP-L1RTC3B"}, {"name": "thread", "value": "29816-MainThread"}, {"name": "framework", "value": "pytest"}, {"name": "language", "value": "cpython3"}, {"name": "package", "value": "test_cases.test_web"}]}