{"name": "Test03: Verify the correct information in the checkout page", "status": "failed", "statusDetails": {"message": "AssertionError: Failed conditions count: [ 1 ]\n\nException: Expected: 16, but got: 16 when verifying total after discount\nFail in \"C:\\Automation\\playwright_project\\extentions\\verifications.py:15\" verify_soft_assert_equals()", "trace": "self = <test_cases.test_web.Test_Web object at 0x00000120B0B03B00>\n\n    @allure.title(\"Test03: Verify the correct information in the checkout page\")\n    @allure.description(\n        \"This test adds a product to the cart and verifies the correct information in the checkout page\")\n    def test_verify_checkout_page(self):\n        WebFlows.add_product_to_cart_proceed_to_checkout(get_data(\"PRODUCT_NAME_CHECK_OUT\"))\n        WebFlows.verify_cart_information_in_table(get_data(\"PRODUCT_NAME_CHECK_OUT\"),\n                                                  int(get_data(\"EXPECTED_PRICE_PROD_CHECK_OUT\")),\n                                                  int(get_data(\"EXPECTED_TOTAL_PRICE_PROD_CHECK_OUT\")))\n>       WebFlows.verify_cart_information_in_table_middle_page(int(get_data(\"EXPECTED_TOTAL_PRICE_PROD_CHECK_OUT\")),\n                                                              get_data(\"DISCOUNT\"))\n\ntest_cases\\test_web.py:44: \n_ _ _ _ _ _ _ _ _ _ _ _ _ _ _ _ _ _ _ _ _ _ _ _ _ _ _ _ _ _ _ _ _ _ _ _ _ _ _ _ _ _ _ _ _ _ _ _ _ _ _ _ _ _ _ _ _ _ _ _ _ _ _ _ _ _ _ _ _ _ _ _ _ _ _ _ _ _ _ _ _ _ _ _ _ _ _ _ _ _ _ _\nworkflows\\web_flow.py:190: in verify_cart_information_in_table_middle_page\n    verify_expectations()\n..\\Playwright\\venv\\Lib\\site-packages\\smart_assertions\\smart_assertions.py:24: in verify_expectations\n    report_exceptions()\n_ _ _ _ _ _ _ _ _ _ _ _ _ _ _ _ _ _ _ _ _ _ _ _ _ _ _ _ _ _ _ _ _ _ _ _ _ _ _ _ _ _ _ _ _ _ _ _ _ _ _ _ _ _ _ _ _ _ _ _ _ _ _ _ _ _ _ _ _ _ _ _ _ _ _ _ _ _ _ _ _ _ _ _ _ _ _ _ _ _ _ _\n\n    def report_exceptions():\n        global failed_conditions\n        if failed_conditions:\n            report = ['Failed conditions count: [ {} ]\\n'.format(len(failed_conditions))]\n            for index, failure in enumerate(failed_conditions, start=1):\n                if len(failed_conditions) > 1:\n                    report.append('{}. {}'.format(index, failure))\n                else:\n                    report.append(failure)\n            failed_conditions = []\n>           raise AssertionError('\\n'.join(report))\nE           AssertionError: Failed conditions count: [ 1 ]\nE           \nE           Exception: Expected: 16, but got: 16 when verifying total after discount\nE           Fail in \"C:\\Automation\\playwright_project\\extentions\\verifications.py:15\" verify_soft_assert_equals()\n\n..\\Playwright\\venv\\Lib\\site-packages\\smart_assertions\\smart_assertions.py:43: AssertionError"}, "description": "This test adds a product to the cart and verifies the correct information in the checkout page", "steps": [{"name": "Add one product to cart & proceed to checkout", "status": "passed", "steps": [{"name": "Clicking element", "status": "passed", "parameters": [{"name": "locator", "value": "<Locator frame=<Frame name= url='https://rahulshettyacademy.com/seleniumPractise/#/'> selector=\"//*[contains(text(), 'Tomato - 1 Kg')] >> //../div[2]/a[1]\">"}], "start": 1729586625972, "stop": 1729586626211}, {"name": "Clicking element", "status": "passed", "parameters": [{"name": "locator", "value": "<Locator frame=<Frame name= url='https://rahulshettyacademy.com/seleniumPractise/#/'> selector=\"//*[contains(text(), 'Tomato - 1 Kg')] >> //../div[3]/button\">"}], "start": 1729586626212, "stop": 1729586626441}, {"name": "Proceed to checkout page", "status": "passed", "steps": [{"name": "Clicking element", "status": "passed", "parameters": [{"name": "locator", "value": "<Locator frame=<Frame name= url='https://rahulshettyacademy.com/seleniumPractise/#/'> selector=\"[class='cart-icon']\">"}], "start": 1729586626441, "stop": 1729586626674}, {"name": "Clicking element", "status": "passed", "parameters": [{"name": "locator", "value": "<Locator frame=<Frame name= url='https://rahulshettyacademy.com/seleniumPractise/#/'> selector='text=PROCEED TO CHECKOUT'>"}], "start": 1729586626674, "stop": 1729586626876}], "start": 1729586626441, "stop": 1729586626876}], "parameters": [{"name": "product_name", "value": "'Tomato - 1 Kg'"}], "start": 1729586625972, "stop": 1729586626876}, {"name": "Verify cart information in table inside checkout page", "status": "passed", "steps": [{"name": "Getting text", "status": "passed", "parameters": [{"name": "locator", "value": "<Locator frame=<Frame name= url='https://rahulshettyacademy.com/seleniumPractise/#/'> selector=\"tbody tr td [class='product-name']\">"}], "start": 1729586626877, "stop": 1729586627701}, {"name": "Verifying equals using smart assertions", "status": "passed", "parameters": [{"name": "actual", "value": "'Tomato - 1 Kg'"}, {"name": "expected", "value": "'Tomato - 1 Kg'"}, {"name": "message", "value": "'product name'"}], "start": 1729586627701, "stop": 1729586627701}, {"name": "Getting text", "status": "passed", "parameters": [{"name": "locator", "value": "<Locator frame=<Frame name= url='https://rahulshettyacademy.com/seleniumPractise/#/cart'> selector=\"tbody tr td [class='amount'] >> nth=0\">"}], "start": 1729586627706, "stop": 1729586627724}, {"name": "Verifying equals using smart assertions", "status": "passed", "parameters": [{"name": "actual", "value": "16"}, {"name": "expected", "value": "16"}, {"name": "message", "value": "'product price'"}], "start": 1729586627728, "stop": 1729586627728}, {"name": "Getting text", "status": "passed", "parameters": [{"name": "locator", "value": "<Locator frame=<Frame name= url='https://rahulshettyacademy.com/seleniumPractise/#/cart'> selector=\"tbody tr td [class='quantity']\">"}], "start": 1729586627728, "stop": 1729586627758}, {"name": "Verifying equals using smart assertions", "status": "passed", "parameters": [{"name": "actual", "value": "1"}, {"name": "expected", "value": "1"}, {"name": "message", "value": "'product quantity'"}], "start": 1729586627758, "stop": 1729586627758}, {"name": "Verifying equals using smart assertions", "status": "passed", "parameters": [{"name": "actual", "value": "16"}, {"name": "expected", "value": "16"}, {"name": "message", "value": "'total price'"}], "start": 1729586627758, "stop": 1729586627758}], "parameters": [{"name": "product_name", "value": "'Tomato - 1 Kg'"}, {"name": "price", "value": "16"}, {"name": "total_price", "value": "16"}], "start": 1729586626877, "stop": 1729586627758}, {"name": "Verify cart information in table inside checkout page - Middle page", "status": "failed", "statusDetails": {"message": "AssertionError: Failed conditions count: [ 1 ]\n\nException: Expected: 16, but got: 16 when verifying total after discount\nFail in \"C:\\Automation\\playwright_project\\extentions\\verifications.py:15\" verify_soft_assert_equals()\n\n", "trace": "  File \"C:\\Automation\\Playwright\\venv\\Lib\\site-packages\\allure_commons\\_allure.py\", line 192, in impl\n    return func(*a, **kw)\n           ^^^^^^^^^^^^^^\n  File \"C:\\Automation\\playwright_project\\workflows\\web_flow.py\", line 190, in verify_cart_information_in_table_middle_page\n    verify_expectations()\n  File \"C:\\Automation\\Playwright\\venv\\Lib\\site-packages\\smart_assertions\\smart_assertions.py\", line 24, in verify_expectations\n    report_exceptions()\n  File \"C:\\Automation\\Playwright\\venv\\Lib\\site-packages\\smart_assertions\\smart_assertions.py\", line 43, in report_exceptions\n    raise AssertionError('\\n'.join(report))\n"}, "steps": [{"name": "Getting text", "status": "passed", "parameters": [{"name": "locator", "value": "<Locator frame=<Frame name= url='https://rahulshettyacademy.com/seleniumPractise/#/cart'> selector=\"[class='totAmt']\">"}], "start": 1729586627760, "stop": 1729586627777}, {"name": "Verifying equals using smart assertions", "status": "passed", "parameters": [{"name": "actual", "value": "16"}, {"name": "expected", "value": "16"}, {"name": "message", "value": "'total amount'"}], "start": 1729586627777, "stop": 1729586627777}, {"name": "Getting text", "status": "passed", "parameters": [{"name": "locator", "value": "<Locator frame=<Frame name= url='https://rahulshettyacademy.com/seleniumPractise/#/cart'> selector=\"[class='discountPerc']\">"}], "start": 1729586627777, "stop": 1729586627792}, {"name": "Verifying equals using smart assertions", "status": "passed", "parameters": [{"name": "actual", "value": "'0%'"}, {"name": "expected", "value": "'0%'"}, {"name": "message", "value": "'discount percentage'"}], "start": 1729586627792, "stop": 1729586627792}, {"name": "Getting text", "status": "passed", "parameters": [{"name": "locator", "value": "<Locator frame=<Frame name= url='https://rahulshettyacademy.com/seleniumPractise/#/cart'> selector=\"[class='discountAmt']\">"}], "start": 1729586627792, "stop": 1729586627809}, {"name": "Verifying equals using smart assertions", "status": "passed", "parameters": [{"name": "actual", "value": "'16'"}, {"name": "expected", "value": "16"}, {"name": "message", "value": "'total after discount'"}], "start": 1729586627810, "stop": 1729586627816}], "parameters": [{"name": "total_price", "value": "16"}, {"name": "discount_perc", "value": "'0%'"}], "start": 1729586627760, "stop": 1729586627816}], "start": 1729586625972, "stop": 1729586627816, "uuid": "267f86a4-473d-4db1-946d-fd8141209e87", "historyId": "1941c58f6e5da1a7293c5c5708fe1c69", "testCaseId": "1941c58f6e5da1a7293c5c5708fe1c69", "fullName": "test_cases.test_web.Test_Web#test_verify_checkout_page", "labels": [{"name": "tag", "value": "@pytest.mark.usefixtures('init_page')"}, {"name": "parentSuite", "value": "test_cases"}, {"name": "suite", "value": "test_web"}, {"name": "subSuite", "value": "Test_Web"}, {"name": "host", "value": "DESKTOP-L1RTC3B"}, {"name": "thread", "value": "17752-MainThread"}, {"name": "framework", "value": "pytest"}, {"name": "language", "value": "cpython3"}, {"name": "package", "value": "test_cases.test_web"}]}