{"name": "Test03: Verify the correct information in the checkout page", "status": "failed", "statusDetails": {"message": "AssertionError: Failed conditions count: [ 2 ]\n\n1. Exception: Expected: 16, but got: 16\nFail in \"C:\\Automation\\playwright_project\\extentions\\verifications.py:15\" verify_soft_assert_equals()\n\n2. Exception: Expected: 16, but got: 222\nFail in \"C:\\Automation\\playwright_project\\extentions\\verifications.py:15\" verify_soft_assert_equals()", "trace": "self = <test_cases.test_web.Test_Web object at 0x000001CAEA56DD00>\n\n    @allure.title(\"Test03: Verify the correct information in the checkout page\")\n    @allure.description(\n        \"This test adds a product to the cart and verifies the correct information in the checkout page\")\n    def test_verify_checkout_page(self):\n        WebFlows.add_product_to_cart_proceed_to_checkout(get_data(\"PRODUCT_NAME_CHECK_OUT\"))\n>       WebFlows.verify_cart_information_in_table(get_data(\"PRODUCT_NAME_CHECK_OUT\"),\n                                                  int(get_data(\"EXPECTED_PRICE_PROD_CHECK_OUT\")),\n                                                  int(get_data(\"EXPECTED_TOTAL_PRICE_PROD_CHECK_OUT\")))\n\ntest_cases\\test_web.py:41: \n_ _ _ _ _ _ _ _ _ _ _ _ _ _ _ _ _ _ _ _ _ _ _ _ _ _ _ _ _ _ _ _ _ _ _ _ _ _ _ _ _ _ _ _ _ _ _ _ _ _ _ _ _ _ _ _ _ _ _ _ _ _ _ _ _ _ _ _ _ _ _ _ _ _ _ _ _ _ _ _ _ _ _ _ _ _ _ _ _ _ _ _\nworkflows\\web_flow.py:176: in verify_cart_information_in_table\n    verify_expectations()\n..\\Playwright\\venv\\Lib\\site-packages\\smart_assertions\\smart_assertions.py:24: in verify_expectations\n    report_exceptions()\n_ _ _ _ _ _ _ _ _ _ _ _ _ _ _ _ _ _ _ _ _ _ _ _ _ _ _ _ _ _ _ _ _ _ _ _ _ _ _ _ _ _ _ _ _ _ _ _ _ _ _ _ _ _ _ _ _ _ _ _ _ _ _ _ _ _ _ _ _ _ _ _ _ _ _ _ _ _ _ _ _ _ _ _ _ _ _ _ _ _ _ _\n\n    def report_exceptions():\n        global failed_conditions\n        if failed_conditions:\n            report = ['Failed conditions count: [ {} ]\\n'.format(len(failed_conditions))]\n            for index, failure in enumerate(failed_conditions, start=1):\n                if len(failed_conditions) > 1:\n                    report.append('{}. {}'.format(index, failure))\n                else:\n                    report.append(failure)\n            failed_conditions = []\n>           raise AssertionError('\\n'.join(report))\nE           AssertionError: Failed conditions count: [ 2 ]\nE           \nE           1. Exception: Expected: 16, but got: 16\nE           Fail in \"C:\\Automation\\playwright_project\\extentions\\verifications.py:15\" verify_soft_assert_equals()\nE           \nE           2. Exception: Expected: 16, but got: 222\nE           Fail in \"C:\\Automation\\playwright_project\\extentions\\verifications.py:15\" verify_soft_assert_equals()\n\n..\\Playwright\\venv\\Lib\\site-packages\\smart_assertions\\smart_assertions.py:43: AssertionError"}, "description": "This test adds a product to the cart and verifies the correct information in the checkout page", "steps": [{"name": "Add one product to cart & proceed to checkout", "status": "passed", "steps": [{"name": "Clicking element", "status": "passed", "parameters": [{"name": "locator", "value": "<Locator frame=<Frame name= url='https://rahulshettyacademy.com/seleniumPractise/#/'> selector=\"//*[contains(text(), 'Tomato - 1 Kg')] >> //../div[2]/a[1]\">"}], "start": 1729582948933, "stop": 1729582949191}, {"name": "Clicking element", "status": "passed", "parameters": [{"name": "locator", "value": "<Locator frame=<Frame name= url='https://rahulshettyacademy.com/seleniumPractise/#/'> selector=\"//*[contains(text(), 'Tomato - 1 Kg')] >> //../div[3]/button\">"}], "start": 1729582949191, "stop": 1729582949419}, {"name": "Proceed to checkout page", "status": "passed", "steps": [{"name": "Clicking element", "status": "passed", "parameters": [{"name": "locator", "value": "<Locator frame=<Frame name= url='https://rahulshettyacademy.com/seleniumPractise/#/'> selector=\"[class='cart-icon']\">"}], "start": 1729582949419, "stop": 1729582949634}, {"name": "Clicking element", "status": "passed", "parameters": [{"name": "locator", "value": "<Locator frame=<Frame name= url='https://rahulshettyacademy.com/seleniumPractise/#/'> selector='text=PROCEED TO CHECKOUT'>"}], "start": 1729582949634, "stop": 1729582949837}], "start": 1729582949419, "stop": 1729582949837}], "parameters": [{"name": "product_name", "value": "'Tomato - 1 Kg'"}], "start": 1729582948932, "stop": 1729582949837}, {"name": "Verify cart information in table inside checkout page", "status": "failed", "statusDetails": {"message": "AssertionError: Failed conditions count: [ 2 ]\n\n1. Exception: Expected: 16, but got: 16\nFail in \"C:\\Automation\\playwright_project\\extentions\\verifications.py:15\" verify_soft_assert_equals()\n\n2. Exception: Expected: 16, but got: 222\nFail in \"C:\\Automation\\playwright_project\\extentions\\verifications.py:15\" verify_soft_assert_equals()\n\n", "trace": "  File \"C:\\Automation\\Playwright\\venv\\Lib\\site-packages\\allure_commons\\_allure.py\", line 192, in impl\n    return func(*a, **kw)\n           ^^^^^^^^^^^^^^\n  File \"C:\\Automation\\playwright_project\\workflows\\web_flow.py\", line 176, in verify_cart_information_in_table\n    verify_expectations()\n  File \"C:\\Automation\\Playwright\\venv\\Lib\\site-packages\\smart_assertions\\smart_assertions.py\", line 24, in verify_expectations\n    report_exceptions()\n  File \"C:\\Automation\\Playwright\\venv\\Lib\\site-packages\\smart_assertions\\smart_assertions.py\", line 43, in report_exceptions\n    raise AssertionError('\\n'.join(report))\n"}, "steps": [{"name": "Getting text", "status": "passed", "parameters": [{"name": "locator", "value": "<Locator frame=<Frame name= url='https://rahulshettyacademy.com/seleniumPractise/#/'> selector=\"tbody tr td [class='product-name']\">"}], "start": 1729582949838, "stop": 1729582950687}, {"name": "Verifying equals using smart assertions", "status": "passed", "parameters": [{"name": "actual", "value": "'Tomato - 1 Kg'"}, {"name": "expected", "value": "'Tomato - 1 Kg'"}], "start": 1729582950687, "stop": 1729582950687}, {"name": "Getting text", "status": "passed", "parameters": [{"name": "locator", "value": "<Locator frame=<Frame name= url='https://rahulshettyacademy.com/seleniumPractise/#/cart'> selector=\"tbody tr td [class='amount'] >> nth=0\">"}], "start": 1729582950687, "stop": 1729582950706}, {"name": "Verifying equals using smart assertions", "status": "passed", "parameters": [{"name": "actual", "value": "'16'"}, {"name": "expected", "value": "16"}], "start": 1729582950706, "stop": 1729582950715}, {"name": "Getting text", "status": "passed", "parameters": [{"name": "locator", "value": "<Locator frame=<Frame name= url='https://rahulshettyacademy.com/seleniumPractise/#/cart'> selector=\"tbody tr td [class='quantity']\">"}], "start": 1729582950715, "stop": 1729582950737}, {"name": "Verifying equals using smart assertions", "status": "passed", "parameters": [{"name": "actual", "value": "222"}, {"name": "expected", "value": "16"}], "start": 1729582950738, "stop": 1729582950744}], "parameters": [{"name": "product_name", "value": "'Tomato - 1 Kg'"}, {"name": "price", "value": "16"}, {"name": "total_price", "value": "222"}], "start": 1729582949838, "stop": 1729582950744}], "start": 1729582948931, "stop": 1729582950745, "uuid": "62b6d623-9206-47cd-a7fd-fe680f2229b8", "historyId": "1941c58f6e5da1a7293c5c5708fe1c69", "testCaseId": "1941c58f6e5da1a7293c5c5708fe1c69", "fullName": "test_cases.test_web.Test_Web#test_verify_checkout_page", "labels": [{"name": "tag", "value": "@pytest.mark.usefixtures('init_page')"}, {"name": "parentSuite", "value": "test_cases"}, {"name": "suite", "value": "test_web"}, {"name": "subSuite", "value": "Test_Web"}, {"name": "host", "value": "DESKTOP-L1RTC3B"}, {"name": "thread", "value": "29152-MainThread"}, {"name": "framework", "value": "pytest"}, {"name": "language", "value": "cpython3"}, {"name": "package", "value": "test_cases.test_web"}]}