{"name": "Test05: Verify purchase flow with correct promo code", "status": "failed", "statusDetails": {"message": "AssertionError: Failed conditions count: [ 1 ]\n\nException: Expected: 16, but got: 75 when verifying None\nFail in \"C:\\Automation\\playwright_project\\extentions\\verifications.py:15\" verify_soft_assert_equals()", "trace": "self = <test_cases.test_web.Test_Web object at 0x0000019B084FB800>\n\n    @pytest.mark.usefixtures(\"refresh_page\")\n    @allure.title(\"Test05: Verify purchase flow with correct promo code\")\n    @allure.description(\n        \"This test adds a product to the cart and verifies the promo code is correct & affects the total price\")\n    def test_verify_promo_code(self):\n        WebFlows.add_product_to_cart(get_data(\"PRODUCT_NAME_CHECK_OUT_CODE\"))\n        WebFlows.proceed_to_checkout_page_flow()\n        WebFlows.apply_promo_code(get_data(\"CORRECT_PROMO_CODE\"))\n>       WebFlows.verify_purchase_flow_with_correct_promo_code(get_data(\"SUCCESS_MESSAGE\"),\n                                                              get_data(\"EXPECTED_TOTAL_PRICE_PROD_CHECK_OUT\"),\n                                                              get_data(\"DISCOUNT_SUCCESS\"),\n                                                              get_data(\"TOTAL_AFTER_DISCOUNT\"))\n\ntest_cases\\test_web.py:69: \n_ _ _ _ _ _ _ _ _ _ _ _ _ _ _ _ _ _ _ _ _ _ _ _ _ _ _ _ _ _ _ _ _ _ _ _ _ _ _ _ _ _ _ _ _ _ _ _ _ _ _ _ _ _ _ _ _ _ _ _ _ _ _ _ _ _ _ _ _ _ _ _ _ _ _ _ _ _ _ _ _ _ _ _ _ _ _ _ _ _ _ _\nworkflows\\web_flow.py:199: in verify_purchase_flow_with_correct_promo_code\n    verify_expectations()\n..\\Playwright\\venv\\Lib\\site-packages\\smart_assertions\\smart_assertions.py:24: in verify_expectations\n    report_exceptions()\n_ _ _ _ _ _ _ _ _ _ _ _ _ _ _ _ _ _ _ _ _ _ _ _ _ _ _ _ _ _ _ _ _ _ _ _ _ _ _ _ _ _ _ _ _ _ _ _ _ _ _ _ _ _ _ _ _ _ _ _ _ _ _ _ _ _ _ _ _ _ _ _ _ _ _ _ _ _ _ _ _ _ _ _ _ _ _ _ _ _ _ _\n\n    def report_exceptions():\n        global failed_conditions\n        if failed_conditions:\n            report = ['Failed conditions count: [ {} ]\\n'.format(len(failed_conditions))]\n            for index, failure in enumerate(failed_conditions, start=1):\n                if len(failed_conditions) > 1:\n                    report.append('{}. {}'.format(index, failure))\n                else:\n                    report.append(failure)\n            failed_conditions = []\n>           raise AssertionError('\\n'.join(report))\nE           AssertionError: Failed conditions count: [ 1 ]\nE           \nE           Exception: Expected: 16, but got: 75 when verifying None\nE           Fail in \"C:\\Automation\\playwright_project\\extentions\\verifications.py:15\" verify_soft_assert_equals()\n\n..\\Playwright\\venv\\Lib\\site-packages\\smart_assertions\\smart_assertions.py:43: AssertionError"}, "description": "This test adds a product to the cart and verifies the promo code is correct & affects the total price", "steps": [{"name": "Add one product to cart", "status": "passed", "steps": [{"name": "Clicking element", "status": "passed", "parameters": [{"name": "locator", "value": "<Locator frame=<Frame name= url='https://rahulshettyacademy.com/seleniumPractise/#/'> selector=\"//*[contains(text(), 'Corn - 1 Kg')] >> //../div[2]/a[1]\">"}], "start": 1729604484148, "stop": 1729604485311}, {"name": "Clicking element", "status": "passed", "parameters": [{"name": "locator", "value": "<Locator frame=<Frame name= url='https://rahulshettyacademy.com/seleniumPractise/#/'> selector=\"//*[contains(text(), 'Corn - 1 Kg')] >> //../div[3]/button\">"}], "start": 1729604485311, "stop": 1729604485512}], "parameters": [{"name": "product_name", "value": "'Corn - 1 Kg'"}], "start": 1729604484148, "stop": 1729604485512}, {"name": "Click the cart button & Proceed to checkout", "status": "passed", "steps": [{"name": "Proceed to checkout page", "status": "passed", "steps": [{"name": "Clicking element", "status": "passed", "parameters": [{"name": "locator", "value": "<Locator frame=<Frame name= url='https://rahulshettyacademy.com/seleniumPractise/#/'> selector=\"[class='cart-icon']\">"}], "start": 1729604485512, "stop": 1729604485707}, {"name": "Clicking element", "status": "passed", "parameters": [{"name": "locator", "value": "<Locator frame=<Frame name= url='https://rahulshettyacademy.com/seleniumPractise/#/'> selector='text=PROCEED TO CHECKOUT'>"}], "start": 1729604485707, "stop": 1729604485889}], "start": 1729604485512, "stop": 1729604485889}], "start": 1729604485512, "stop": 1729604485889}, {"name": "Enter promo code", "status": "passed", "steps": [{"name": "Updating text field", "status": "passed", "parameters": [{"name": "locator", "value": "<Locator frame=<Frame name= url='https://rahulshettyacademy.com/seleniumPractise/#/'> selector=\"[class='promoCode']\">"}, {"name": "value", "value": "'rahulshettyacademy'"}], "start": 1729604485889, "stop": 1729604486854}, {"name": "Clicking element", "status": "passed", "parameters": [{"name": "locator", "value": "<Locator frame=<Frame name= url='https://rahulshettyacademy.com/seleniumPractise/#/cart'> selector='text=Apply'>"}], "start": 1729604486854, "stop": 1729604487006}], "parameters": [{"name": "code", "value": "'rahulshettyacademy'"}], "start": 1729604485889, "stop": 1729604487006}, {"name": "Verify purchase flow with correct promo code", "status": "failed", "statusDetails": {"message": "AssertionError: Failed conditions count: [ 1 ]\n\nException: Expected: 16, but got: 75 when verifying None\nFail in \"C:\\Automation\\playwright_project\\extentions\\verifications.py:15\" verify_soft_assert_equals()\n\n", "trace": "  File \"C:\\Automation\\Playwright\\venv\\Lib\\site-packages\\allure_commons\\_allure.py\", line 192, in impl\n    return func(*a, **kw)\n           ^^^^^^^^^^^^^^\n  File \"C:\\Automation\\playwright_project\\workflows\\web_flow.py\", line 199, in verify_purchase_flow_with_correct_promo_code\n    verify_expectations()\n  File \"C:\\Automation\\Playwright\\venv\\Lib\\site-packages\\smart_assertions\\smart_assertions.py\", line 24, in verify_expectations\n    report_exceptions()\n  File \"C:\\Automation\\Playwright\\venv\\Lib\\site-packages\\smart_assertions\\smart_assertions.py\", line 43, in report_exceptions\n    raise AssertionError('\\n'.join(report))\n"}, "steps": [{"name": "Getting text", "status": "passed", "parameters": [{"name": "locator", "value": "<Locator frame=<Frame name= url='https://rahulshettyacademy.com/seleniumPractise/#/cart'> selector=\"[class='promoInfo']\">"}], "start": 1729604487006, "stop": 1729604491943}, {"name": "Verifying equals using smart assertions", "status": "passed", "parameters": [{"name": "actual", "value": "'Code applied ..!'"}, {"name": "expected", "value": "'Code applied ..!'"}, {"name": "message", "value": "None"}], "start": 1729604491943, "stop": 1729604491943}, {"name": "Getting text", "status": "passed", "parameters": [{"name": "locator", "value": "<Locator frame=<Frame name= url='https://rahulshettyacademy.com/seleniumPractise/#/cart'> selector=\"[class='totAmt']\">"}], "start": 1729604491943, "stop": 1729604491960}, {"name": "Verifying equals using smart assertions", "status": "passed", "parameters": [{"name": "actual", "value": "'75'"}, {"name": "expected", "value": "'16'"}, {"name": "message", "value": "None"}], "start": 1729604491960, "stop": 1729604491971}, {"name": "Getting text", "status": "passed", "parameters": [{"name": "locator", "value": "<Locator frame=<Frame name= url='https://rahulshettyacademy.com/seleniumPractise/#/cart'> selector=\"[class='discountPerc']\">"}], "start": 1729604491971, "stop": 1729604491987}, {"name": "Verifying equals using smart assertions", "status": "passed", "parameters": [{"name": "actual", "value": "'10%'"}, {"name": "expected", "value": "'10%'"}, {"name": "message", "value": "None"}], "start": 1729604491987, "stop": 1729604491987}, {"name": "Getting text", "status": "passed", "parameters": [{"name": "locator", "value": "<Locator frame=<Frame name= url='https://rahulshettyacademy.com/seleniumPractise/#/cart'> selector=\"[class='discountAmt']\">"}], "start": 1729604491987, "stop": 1729604492002}, {"name": "Verifying equals using smart assertions", "status": "passed", "parameters": [{"name": "actual", "value": "'67.5'"}, {"name": "expected", "value": "'67.5'"}, {"name": "message", "value": "None"}], "start": 1729604492002, "stop": 1729604492002}], "parameters": [{"name": "promo_code_message", "value": "'Code applied ..!'"}, {"name": "total_amount", "value": "'16'"}, {"name": "discount", "value": "'10%'"}, {"name": "total_after_discount", "value": "'67.5'"}], "start": 1729604487006, "stop": 1729604492002}], "start": 1729604484142, "stop": 1729604492002, "uuid": "89762bb2-d92d-4012-86a0-a9ad8bb84ef6", "historyId": "d653880251d6fff4001d1f65ecd3711a", "testCaseId": "d653880251d6fff4001d1f65ecd3711a", "fullName": "test_cases.test_web.Test_Web#test_verify_promo_code", "labels": [{"name": "tag", "value": "@pytest.mark.usefixtures('refresh_page')"}, {"name": "parentSuite", "value": "test_cases"}, {"name": "suite", "value": "test_web"}, {"name": "subSuite", "value": "Test_Web"}, {"name": "host", "value": "DESKTOP-L1RTC3B"}, {"name": "thread", "value": "30296-MainThread"}, {"name": "framework", "value": "pytest"}, {"name": "language", "value": "cpython3"}, {"name": "package", "value": "test_cases.test_web"}]}