{"name": "Test03: Add product to cart - verify amount in header display", "status": "failed", "statusDetails": {"message": "AssertionError: Failed conditions count: [ 4 ]\n\n1. Exception: Expected: 0, but got: <Locator frame=<Frame name= url='https://rahulshettyacademy.com/seleniumPractise/#/'> selector=\"[class='cart-info'] tr:first-child strong\">\nFail in \"C:\\Automation\\playwright_project\\extentions\\verifications.py:15\" verify_soft_assert_equals()\n\n2. Exception: Expected: 0, but got: <Locator frame=<Frame name= url='https://rahulshettyacademy.com/seleniumPractise/#/'> selector=\"[class='cart-info'] tr:last-child strong\">\nFail in \"C:\\Automation\\playwright_project\\extentions\\verifications.py:15\" verify_soft_assert_equals()\n\n3. Exception: Expected: <Locator frame=<Frame name= url='https://rahulshettyacademy.com/seleniumPractise/#/'> selector=\"[class='cart-info'] tr:first-child strong\">, but got: 1\nFail in \"C:\\Automation\\playwright_project\\extentions\\verifications.py:15\" verify_soft_assert_equals()\n\n4. Exception: Expected: <Locator frame=<Frame name= url='https://rahulshettyacademy.com/seleniumPractise/#/'> selector=\"[class='cart-info'] tr:last-child strong\">, but got: <Locator frame=<Frame name= url='https://rahulshettyacademy.com/seleniumPractise/#/'> selector=\"//*[contains(text(), 'Brocolli - 1 Kg')] >> //../p\">\nFail in \"C:\\Automation\\playwright_project\\extentions\\verifications.py:15\" verify_soft_assert_equals()", "trace": "self = <test_cases.test_web.Test_Web object at 0x00000214D4549520>\n\n    @allure.title(\"Test03: Add product to cart - verify amount in header display\")\n    @allure.description(\"This test adds a product to the cart and verifies the amount in the header display\")\n    def test03_add_product_to_cart(self):\n        WebFlows.add_product_to_cart(product_name)\n>       WebFlows.verify_cart_information_in_header_display()\n\ntest_cases\\test_web.py:41: \n_ _ _ _ _ _ _ _ _ _ _ _ _ _ _ _ _ _ _ _ _ _ _ _ _ _ _ _ _ _ _ _ _ _ _ _ _ _ _ _ _ _ _ _ _ _ _ _ _ _ _ _ _ _ _ _ _ _ _ _ _ _ _ _ _ _ _ _ _ _ _ _ _ _ _ _ _ _ _ _ _ _ _ _ _ _ _ _ _ _ _ _\nworkflows\\web_flow.py:96: in verify_cart_information_in_header_display\n    verify_expectations()\n..\\Playwright\\venv\\Lib\\site-packages\\smart_assertions\\smart_assertions.py:24: in verify_expectations\n    report_exceptions()\n_ _ _ _ _ _ _ _ _ _ _ _ _ _ _ _ _ _ _ _ _ _ _ _ _ _ _ _ _ _ _ _ _ _ _ _ _ _ _ _ _ _ _ _ _ _ _ _ _ _ _ _ _ _ _ _ _ _ _ _ _ _ _ _ _ _ _ _ _ _ _ _ _ _ _ _ _ _ _ _ _ _ _ _ _ _ _ _ _ _ _ _\n\n    def report_exceptions():\n        global failed_conditions\n        if failed_conditions:\n            report = ['Failed conditions count: [ {} ]\\n'.format(len(failed_conditions))]\n            for index, failure in enumerate(failed_conditions, start=1):\n                if len(failed_conditions) > 1:\n                    report.append('{}. {}'.format(index, failure))\n                else:\n                    report.append(failure)\n            failed_conditions = []\n>           raise AssertionError('\\n'.join(report))\nE           AssertionError: Failed conditions count: [ 4 ]\nE           \nE           1. Exception: Expected: 0, but got: <Locator frame=<Frame name= url='https://rahulshettyacademy.com/seleniumPractise/#/'> selector=\"[class='cart-info'] tr:first-child strong\">\nE           Fail in \"C:\\Automation\\playwright_project\\extentions\\verifications.py:15\" verify_soft_assert_equals()\nE           \nE           2. Exception: Expected: 0, but got: <Locator frame=<Frame name= url='https://rahulshettyacademy.com/seleniumPractise/#/'> selector=\"[class='cart-info'] tr:last-child strong\">\nE           Fail in \"C:\\Automation\\playwright_project\\extentions\\verifications.py:15\" verify_soft_assert_equals()\nE           \nE           3. Exception: Expected: <Locator frame=<Frame name= url='https://rahulshettyacademy.com/seleniumPractise/#/'> selector=\"[class='cart-info'] tr:first-child strong\">, but got: 1\nE           Fail in \"C:\\Automation\\playwright_project\\extentions\\verifications.py:15\" verify_soft_assert_equals()\nE           \nE           4. Exception: Expected: <Locator frame=<Frame name= url='https://rahulshettyacademy.com/seleniumPractise/#/'> selector=\"[class='cart-info'] tr:last-child strong\">, but got: <Locator frame=<Frame name= url='https://rahulshettyacademy.com/seleniumPractise/#/'> selector=\"//*[contains(text(), 'Brocolli - 1 Kg')] >> //../p\">\nE           Fail in \"C:\\Automation\\playwright_project\\extentions\\verifications.py:15\" verify_soft_assert_equals()\n\n..\\Playwright\\venv\\Lib\\site-packages\\smart_assertions\\smart_assertions.py:43: AssertionError"}, "description": "This test adds a product to the cart and verifies the amount in the header display", "steps": [{"name": "Add one product to cart", "status": "passed", "steps": [{"name": "Clicking element", "status": "passed", "parameters": [{"name": "locator", "value": "<Locator frame=<Frame name= url='https://rahulshettyacademy.com/seleniumPractise/#/'> selector=\"//*[contains(text(), 'Brocolli - 1 Kg')] >> //../div[3]/button\">"}], "start": 1729492544825, "stop": 1729492545084}], "parameters": [{"name": "product_name", "value": "'Brocolli - 1 Kg'"}], "start": 1729492544825, "stop": 1729492545084}, {"name": "Verify cart information in top header display", "status": "failed", "statusDetails": {"message": "AssertionError: Failed conditions count: [ 4 ]\n\n1. Exception: Expected: 0, but got: <Locator frame=<Frame name= url='https://rahulshettyacademy.com/seleniumPractise/#/'> selector=\"[class='cart-info'] tr:first-child strong\">\nFail in \"C:\\Automation\\playwright_project\\extentions\\verifications.py:15\" verify_soft_assert_equals()\n\n2. Exception: Expected: 0, but got: <Locator frame=<Frame name= url='https://rahulshettyacademy.com/seleniumPractise/#/'> selector=\"[class='cart-info'] tr:last-child strong\">\nFail in \"C:\\Automation\\playwright_project\\extentions\\verifications.py:15\" verify_soft_assert_equals()\n\n3. Exception: Expected: <Locator frame=<Frame name= url='https://rahulshettyacademy.com/seleniumPractise/#/'> selector=\"[class='cart-info'] tr:first-child strong\">, but got: 1\nFail in \"C:\\Automation\\playwright_project\\extentions\\verifications.py:15\" verify_soft_assert_equals()\n\n4. Exception: Expected: <Locator frame=<Frame name= url='https://rahulshettyacademy.com/seleniumPractise/#/'> selector=\"[class='cart-info'] tr:last-child strong\">, but got: <Locator frame=<Frame name= url='https://rahulshettyacademy.com/seleniumPractise/#/'> selector=\"//*[contains(text(), 'Brocolli - 1 Kg')] >> //../p\">\nFail in \"C:\\Automation\\playwright_project\\extentions\\verifications.py:15\" verify_soft_assert_equals()\n\n", "trace": "  File \"C:\\Automation\\Playwright\\venv\\Lib\\site-packages\\allure_commons\\_allure.py\", line 192, in impl\n    return func(*a, **kw)\n           ^^^^^^^^^^^^^^\n  File \"C:\\Automation\\playwright_project\\workflows\\web_flow.py\", line 96, in verify_cart_information_in_header_display\n    verify_expectations()\n  File \"C:\\Automation\\Playwright\\venv\\Lib\\site-packages\\smart_assertions\\smart_assertions.py\", line 24, in verify_expectations\n    report_exceptions()\n  File \"C:\\Automation\\Playwright\\venv\\Lib\\site-packages\\smart_assertions\\smart_assertions.py\", line 43, in report_exceptions\n    raise AssertionError('\\n'.join(report))\n"}, "steps": [{"name": "Verifying equals using smart assertions", "status": "passed", "parameters": [{"name": "actual", "value": "1"}, {"name": "expected", "value": "<Locator frame=<Frame name= url='https://rahulshettyacademy.com/seleniumPractise/#/'> selector=\"[class='cart-info'] tr:first-child strong\">"}], "start": 1729492545084, "stop": 1729492545084}, {"name": "Verifying equals using smart assertions", "status": "passed", "parameters": [{"name": "actual", "value": "<Locator frame=<Frame name= url='https://rahulshettyacademy.com/seleniumPractise/#/'> selector=\"//*[contains(text(), 'Brocolli - 1 Kg')] >> //../p\">"}, {"name": "expected", "value": "<Locator frame=<Frame name= url='https://rahulshettyacademy.com/seleniumPractise/#/'> selector=\"[class='cart-info'] tr:last-child strong\">"}], "start": 1729492545084, "stop": 1729492545101}], "start": 1729492545084, "stop": 1729492545101}], "start": 1729492544825, "stop": 1729492545101, "uuid": "d2f6ed00-5a43-498e-b776-a92b48e49a3a", "historyId": "7b053d7e59a60350469febe0a17af7f5", "testCaseId": "7b053d7e59a60350469febe0a17af7f5", "fullName": "test_cases.test_web.Test_Web#test03_add_product_to_cart", "labels": [{"name": "tag", "value": "@pytest.mark.usefixtures('init_page')"}, {"name": "parentSuite", "value": "test_cases"}, {"name": "suite", "value": "test_web"}, {"name": "subSuite", "value": "Test_Web"}, {"name": "host", "value": "DESKTOP-L1RTC3B"}, {"name": "thread", "value": "15616-MainThread"}, {"name": "framework", "value": "pytest"}, {"name": "language", "value": "cpython3"}, {"name": "package", "value": "test_cases.test_web"}]}