{"name": "Test06: Negative testing: verify purchase flow with incorrect promo code", "status": "failed", "statusDetails": {"message": "AssertionError: Failed conditions count: [ 1 ]\n\nException: Expected: 67.5, but got: 75 when verifying total after discount\nFail in \"C:\\Automation\\playwright_project\\extentions\\verifications.py:15\" verify_soft_assert_equals()", "trace": "self = <test_cases.test_web.Test_Web object at 0x0000021B03CB2F30>\n\n    @pytest.mark.usefixtures(\"main_page\")\n    @allure.title(\"Test06: Negative testing: verify purchase flow with incorrect promo code\")\n    @allure.description(\n        \"This test adds a product to the cart and verifies the promo code is not correct & doesn't\"\n        \"affects the total price\")\n    def test_verify_incorrect_promo_code(self):\n        WebFlows.add_product_to_cart(get_data(\"PRODUCT_NAME_CHECK_OUT_CODE\"))\n        WebFlows.proceed_to_checkout_page_flow()\n        WebFlows.apply_promo_code(get_data(\"INCORRECT_PROMO_CODE\"))\n>       WebFlows.verify_purchase_flow_with_correct_promo_code(get_data(\"UNSUCCESS_MESSAGE\"),\n                                                              get_data(\"EXPECTED_TOTAL_PRICE_PROD_CHECK_OUT_CODE\"),\n                                                              get_data(\"DISCOUNT_UNSUCCESS\"),\n                                                              get_data(\"TOTAL_AFTER_DISCOUNT\"))\n\ntest_cases\\test_web.py:83: \n_ _ _ _ _ _ _ _ _ _ _ _ _ _ _ _ _ _ _ _ _ _ _ _ _ _ _ _ _ _ _ _ _ _ _ _ _ _ _ _ _ _ _ _ _ _ _ _ _ _ _ _ _ _ _ _ _ _ _ _ _ _ _ _ _ _ _ _ _ _ _ _ _ _ _ _ _ _ _ _ _ _ _ _ _ _ _ _ _ _ _ _\nworkflows\\web_flow.py:200: in verify_purchase_flow_with_correct_promo_code\n    verify_expectations()\n..\\Playwright\\venv\\Lib\\site-packages\\smart_assertions\\smart_assertions.py:24: in verify_expectations\n    report_exceptions()\n_ _ _ _ _ _ _ _ _ _ _ _ _ _ _ _ _ _ _ _ _ _ _ _ _ _ _ _ _ _ _ _ _ _ _ _ _ _ _ _ _ _ _ _ _ _ _ _ _ _ _ _ _ _ _ _ _ _ _ _ _ _ _ _ _ _ _ _ _ _ _ _ _ _ _ _ _ _ _ _ _ _ _ _ _ _ _ _ _ _ _ _\n\n    def report_exceptions():\n        global failed_conditions\n        if failed_conditions:\n            report = ['Failed conditions count: [ {} ]\\n'.format(len(failed_conditions))]\n            for index, failure in enumerate(failed_conditions, start=1):\n                if len(failed_conditions) > 1:\n                    report.append('{}. {}'.format(index, failure))\n                else:\n                    report.append(failure)\n            failed_conditions = []\n>           raise AssertionError('\\n'.join(report))\nE           AssertionError: Failed conditions count: [ 1 ]\nE           \nE           Exception: Expected: 67.5, but got: 75 when verifying total after discount\nE           Fail in \"C:\\Automation\\playwright_project\\extentions\\verifications.py:15\" verify_soft_assert_equals()\n\n..\\Playwright\\venv\\Lib\\site-packages\\smart_assertions\\smart_assertions.py:43: AssertionError"}, "description": "This test adds a product to the cart and verifies the promo code is not correct & doesn'taffects the total price", "steps": [{"name": "Add one product to cart", "status": "passed", "steps": [{"name": "Clicking element", "status": "passed", "parameters": [{"name": "locator", "value": "<Locator frame=<Frame name= url='https://rahulshettyacademy.com/seleniumPractise/#/'> selector=\"//*[contains(text(), 'Corn - 1 Kg')] >> //../div[2]/a[1]\">"}], "start": 1729605075242, "stop": 1729605075801}, {"name": "Clicking element", "status": "passed", "parameters": [{"name": "locator", "value": "<Locator frame=<Frame name= url='https://rahulshettyacademy.com/seleniumPractise/#/'> selector=\"//*[contains(text(), 'Corn - 1 Kg')] >> //../div[3]/button\">"}], "start": 1729605075801, "stop": 1729605076022}], "parameters": [{"name": "product_name", "value": "'Corn - 1 Kg'"}], "start": 1729605075242, "stop": 1729605076022}, {"name": "Click the cart button & Proceed to checkout", "status": "passed", "steps": [{"name": "Proceed to checkout page", "status": "passed", "steps": [{"name": "Clicking element", "status": "passed", "parameters": [{"name": "locator", "value": "<Locator frame=<Frame name= url='https://rahulshettyacademy.com/seleniumPractise/#/'> selector=\"[class='cart-icon']\">"}], "start": 1729605076022, "stop": 1729605076231}, {"name": "Clicking element", "status": "passed", "parameters": [{"name": "locator", "value": "<Locator frame=<Frame name= url='https://rahulshettyacademy.com/seleniumPractise/#/'> selector='text=PROCEED TO CHECKOUT'>"}], "start": 1729605076231, "stop": 1729605076418}], "start": 1729605076022, "stop": 1729605076418}], "start": 1729605076022, "stop": 1729605076418}, {"name": "Enter promo code", "status": "passed", "steps": [{"name": "Updating text field", "status": "passed", "parameters": [{"name": "locator", "value": "<Locator frame=<Frame name= url='https://rahulshettyacademy.com/seleniumPractise/#/'> selector=\"[class='promoCode']\">"}, {"name": "value", "value": "'TEST111'"}], "start": 1729605076418, "stop": 1729605077361}, {"name": "Clicking element", "status": "passed", "parameters": [{"name": "locator", "value": "<Locator frame=<Frame name= url='https://rahulshettyacademy.com/seleniumPractise/#/cart'> selector='text=Apply'>"}], "start": 1729605077361, "stop": 1729605077498}], "parameters": [{"name": "code", "value": "'TEST111'"}], "start": 1729605076418, "stop": 1729605077498}, {"name": "Verify purchase flow with correct promo code", "status": "failed", "statusDetails": {"message": "AssertionError: Failed conditions count: [ 1 ]\n\nException: Expected: 67.5, but got: 75 when verifying total after discount\nFail in \"C:\\Automation\\playwright_project\\extentions\\verifications.py:15\" verify_soft_assert_equals()\n\n", "trace": "  File \"C:\\Automation\\Playwright\\venv\\Lib\\site-packages\\allure_commons\\_allure.py\", line 192, in impl\n    return func(*a, **kw)\n           ^^^^^^^^^^^^^^\n  File \"C:\\Automation\\playwright_project\\workflows\\web_flow.py\", line 200, in verify_purchase_flow_with_correct_promo_code\n    verify_expectations()\n  File \"C:\\Automation\\Playwright\\venv\\Lib\\site-packages\\smart_assertions\\smart_assertions.py\", line 24, in verify_expectations\n    report_exceptions()\n  File \"C:\\Automation\\Playwright\\venv\\Lib\\site-packages\\smart_assertions\\smart_assertions.py\", line 43, in report_exceptions\n    raise AssertionError('\\n'.join(report))\n"}, "steps": [{"name": "Getting text", "status": "passed", "parameters": [{"name": "locator", "value": "<Locator frame=<Frame name= url='https://rahulshettyacademy.com/seleniumPractise/#/cart'> selector=\"[class='promoInfo']\">"}], "start": 1729605077498, "stop": 1729605082401}, {"name": "Verifying equals using smart assertions", "status": "passed", "parameters": [{"name": "actual", "value": "'Invalid code ..!'"}, {"name": "expected", "value": "'Invalid code ..!'"}, {"name": "message", "value": "'promo code message'"}], "start": 1729605082401, "stop": 1729605082401}, {"name": "Getting text", "status": "passed", "parameters": [{"name": "locator", "value": "<Locator frame=<Frame name= url='https://rahulshettyacademy.com/seleniumPractise/#/cart'> selector=\"[class='totAmt']\">"}], "start": 1729605082401, "stop": 1729605082422}, {"name": "Verifying equals using smart assertions", "status": "passed", "parameters": [{"name": "actual", "value": "'75'"}, {"name": "expected", "value": "'75'"}, {"name": "message", "value": "'total amount'"}], "start": 1729605082422, "stop": 1729605082422}, {"name": "Getting text", "status": "passed", "parameters": [{"name": "locator", "value": "<Locator frame=<Frame name= url='https://rahulshettyacademy.com/seleniumPractise/#/cart'> selector=\"[class='discountPerc']\">"}], "start": 1729605082422, "stop": 1729605082439}, {"name": "Verifying equals using smart assertions", "status": "passed", "parameters": [{"name": "actual", "value": "'0%'"}, {"name": "expected", "value": "'0%'"}, {"name": "message", "value": "'discount percentage'"}], "start": 1729605082439, "stop": 1729605082439}, {"name": "Getting text", "status": "passed", "parameters": [{"name": "locator", "value": "<Locator frame=<Frame name= url='https://rahulshettyacademy.com/seleniumPractise/#/cart'> selector=\"[class='discountAmt']\">"}], "start": 1729605082439, "stop": 1729605082451}, {"name": "Verifying equals using smart assertions", "status": "passed", "parameters": [{"name": "actual", "value": "'75'"}, {"name": "expected", "value": "'67.5'"}, {"name": "message", "value": "'total after discount'"}], "start": 1729605082451, "stop": 1729605082456}], "parameters": [{"name": "promo_code_message", "value": "'Invalid code ..!'"}, {"name": "total_amount", "value": "'75'"}, {"name": "discount", "value": "'0%'"}, {"name": "total_after_discount", "value": "'67.5'"}], "start": 1729605077498, "stop": 1729605082456}], "start": 1729605075242, "stop": 1729605082456, "uuid": "587002a6-6c56-425c-a8b0-8eec400b94d1", "historyId": "980eedfe89d8bfa41417691cc789b4fc", "testCaseId": "980eedfe89d8bfa41417691cc789b4fc", "fullName": "test_cases.test_web.Test_Web#test_verify_incorrect_promo_code", "labels": [{"name": "tag", "value": "@pytest.mark.usefixtures('main_page')"}, {"name": "parentSuite", "value": "test_cases"}, {"name": "suite", "value": "test_web"}, {"name": "subSuite", "value": "Test_Web"}, {"name": "host", "value": "DESKTOP-L1RTC3B"}, {"name": "thread", "value": "19256-MainThread"}, {"name": "framework", "value": "pytest"}, {"name": "language", "value": "cpython3"}, {"name": "package", "value": "test_cases.test_web"}]}