{"name": "Test04: Add two product to cart - verify correct information in cart", "status": "failed", "statusDetails": {"message": "AssertionError: Failed conditions count: [ 1 ]\n\nException: Expected: 123, but got: 120\nFail in \"C:\\Automation\\playwright_project\\extentions\\verifications.py:15\" verify_soft_assert_equals()", "trace": "self = <test_cases.test_web.Test_Web object at 0x000002183DB84410>\n\n    @allure.title(\"Test04: Add two product to cart - verify correct information in cart\")\n    @allure.description(\n        \"This test adds a product to the cart and verifies the correct information in the cart: name of product,\"\n        \"price display, and total amount\")\n    def test_verify_product_info_in_cart(self):\n        WebFlows.add_product_to_cart(product_name)\n        WebFlows.add_two_products_to_cart(product_name_2)\n>       WebFlows.verify_cart_information_in_cart(product_name, product_name_2, 123, 120)\n\ntest_cases\\test_web.py:51: \n_ _ _ _ _ _ _ _ _ _ _ _ _ _ _ _ _ _ _ _ _ _ _ _ _ _ _ _ _ _ _ _ _ _ _ _ _ _ _ _ _ _ _ _ _ _ _ _ _ _ _ _ _ _ _ _ _ _ _ _ _ _ _ _ _ _ _ _ _ _ _ _ _ _ _ _ _ _ _ _ _ _ _ _ _ _ _ _ _ _ _ _\nworkflows\\web_flow.py:142: in verify_cart_information_in_cart\n    verify_expectations()\n..\\Playwright\\venv\\Lib\\site-packages\\smart_assertions\\smart_assertions.py:24: in verify_expectations\n    report_exceptions()\n_ _ _ _ _ _ _ _ _ _ _ _ _ _ _ _ _ _ _ _ _ _ _ _ _ _ _ _ _ _ _ _ _ _ _ _ _ _ _ _ _ _ _ _ _ _ _ _ _ _ _ _ _ _ _ _ _ _ _ _ _ _ _ _ _ _ _ _ _ _ _ _ _ _ _ _ _ _ _ _ _ _ _ _ _ _ _ _ _ _ _ _\n\n    def report_exceptions():\n        global failed_conditions\n        if failed_conditions:\n            report = ['Failed conditions count: [ {} ]\\n'.format(len(failed_conditions))]\n            for index, failure in enumerate(failed_conditions, start=1):\n                if len(failed_conditions) > 1:\n                    report.append('{}. {}'.format(index, failure))\n                else:\n                    report.append(failure)\n            failed_conditions = []\n>           raise AssertionError('\\n'.join(report))\nE           AssertionError: Failed conditions count: [ 1 ]\nE           \nE           Exception: Expected: 123, but got: 120\nE           Fail in \"C:\\Automation\\playwright_project\\extentions\\verifications.py:15\" verify_soft_assert_equals()\n\n..\\Playwright\\venv\\Lib\\site-packages\\smart_assertions\\smart_assertions.py:43: AssertionError"}, "description": "This test adds a product to the cart and verifies the correct information in the cart: name of product,price display, and total amount", "steps": [{"name": "Add one product to cart", "status": "passed", "steps": [{"name": "Clicking element", "status": "passed", "parameters": [{"name": "locator", "value": "<Locator frame=<Frame name= url='https://rahulshettyacademy.com/seleniumPractise/#/'> selector=\"//*[contains(text(), 'Brocolli - 1 Kg')] >> //../div[2]/a[1]\">"}], "start": 1729519245809, "stop": 1729519246062}, {"name": "Clicking element", "status": "passed", "parameters": [{"name": "locator", "value": "<Locator frame=<Frame name= url='https://rahulshettyacademy.com/seleniumPractise/#/'> selector=\"//*[contains(text(), 'Brocolli - 1 Kg')] >> //../div[3]/button\">"}], "start": 1729519246062, "stop": 1729519246264}], "parameters": [{"name": "product_name", "value": "'Brocolli - 1 Kg'"}], "start": 1729519245809, "stop": 1729519246264}, {"name": "Add two product to cart", "status": "passed", "steps": [{"name": "Clicking element", "status": "passed", "parameters": [{"name": "locator", "value": "<Locator frame=<Frame name= url='https://rahulshettyacademy.com/seleniumPractise/#/'> selector=\"//*[contains(text(), 'Cauliflower - 1 Kg')] >> //../div[2]/a[2]\">"}], "start": 1729519246264, "stop": 1729519246479}, {"name": "Clicking element", "status": "passed", "parameters": [{"name": "locator", "value": "<Locator frame=<Frame name= url='https://rahulshettyacademy.com/seleniumPractise/#/'> selector=\"//*[contains(text(), 'Cauliflower - 1 Kg')] >> //../div[3]/button\">"}], "start": 1729519246479, "stop": 1729519246693}], "parameters": [{"name": "product_name", "value": "'Cauliflower - 1 Kg'"}], "start": 1729519246264, "stop": 1729519246694}, {"name": "Verify cart information in top header display", "status": "failed", "statusDetails": {"message": "AssertionError: Failed conditions count: [ 1 ]\n\nException: Expected: 123, but got: 120\nFail in \"C:\\Automation\\playwright_project\\extentions\\verifications.py:15\" verify_soft_assert_equals()\n\n", "trace": "  File \"C:\\Automation\\Playwright\\venv\\Lib\\site-packages\\allure_commons\\_allure.py\", line 192, in impl\n    return func(*a, **kw)\n           ^^^^^^^^^^^^^^\n  File \"C:\\Automation\\playwright_project\\workflows\\web_flow.py\", line 142, in verify_cart_information_in_cart\n    verify_expectations()\n  File \"C:\\Automation\\Playwright\\venv\\Lib\\site-packages\\smart_assertions\\smart_assertions.py\", line 24, in verify_expectations\n    report_exceptions()\n  File \"C:\\Automation\\Playwright\\venv\\Lib\\site-packages\\smart_assertions\\smart_assertions.py\", line 43, in report_exceptions\n    raise AssertionError('\\n'.join(report))\n"}, "steps": [{"name": "Clicking element", "status": "passed", "parameters": [{"name": "locator", "value": "<Locator frame=<Frame name= url='https://rahulshettyacademy.com/seleniumPractise/#/'> selector=\"[class='cart-icon']\">"}], "start": 1729519246694, "stop": 1729519246912}, {"name": "Getting text", "status": "passed", "parameters": [{"name": "locator", "value": "<Locator frame=<Frame name= url='https://rahulshettyacademy.com/seleniumPractise/#/'> selector=\"p[class='product-name'] >> nth=0\">"}], "start": 1729519246912, "stop": 1729519246938}, {"name": "Getting text", "status": "passed", "parameters": [{"name": "locator", "value": "<Locator frame=<Frame name= url='https://rahulshettyacademy.com/seleniumPractise/#/'> selector=\"p[class='product-name'] >> nth=-1\">"}], "start": 1729519246938, "stop": 1729519246963}, {"name": "Getting text", "status": "passed", "parameters": [{"name": "locator", "value": "<Locator frame=<Frame name= url='https://rahulshettyacademy.com/seleniumPractise/#/'> selector=\"[class='cart-item'] p[class='product-price'] >> nth=0\">"}], "start": 1729519246964, "stop": 1729519246989}, {"name": "Getting text", "status": "passed", "parameters": [{"name": "locator", "value": "<Locator frame=<Frame name= url='https://rahulshettyacademy.com/seleniumPractise/#/'> selector=\"[class='cart-item'] p[class='product-price'] >> nth=-1\">"}], "start": 1729519246989, "stop": 1729519247010}, {"name": "Getting text", "status": "passed", "parameters": [{"name": "locator", "value": "<Locator frame=<Frame name= url='https://rahulshettyacademy.com/seleniumPractise/#/'> selector=\"[class='cart-item'] [class='quantity'] >> nth=0\">"}], "start": 1729519247010, "stop": 1729519247031}, {"name": "Getting text", "status": "passed", "parameters": [{"name": "locator", "value": "<Locator frame=<Frame name= url='https://rahulshettyacademy.com/seleniumPractise/#/'> selector=\"[class='cart-item'] [class='quantity'] >> nth=-1\">"}], "start": 1729519247031, "stop": 1729519247057}, {"name": "Verifying equals using smart assertions", "status": "passed", "parameters": [{"name": "actual", "value": "120"}, {"name": "expected", "value": "123"}], "start": 1729519247057, "stop": 1729519247058}, {"name": "Verifying equals using smart assertions", "status": "passed", "parameters": [{"name": "actual", "value": "120"}, {"name": "expected", "value": "120"}], "start": 1729519247058, "stop": 1729519247058}], "parameters": [{"name": "product_one", "value": "'Brocolli - 1 Kg'"}, {"name": "product_two", "value": "'Cauliflower - 1 Kg'"}, {"name": "expected_total_price_for_one_product", "value": "123"}, {"name": "expected_total_price_for_two_products", "value": "120"}], "start": 1729519246694, "stop": 1729519247058}], "start": 1729519245809, "stop": 1729519247058, "uuid": "ed3254c0-aa8d-42f1-9743-5842fa4a9ed8", "historyId": "dc26ad23e8604c026ddd9031d115c398", "testCaseId": "dc26ad23e8604c026ddd9031d115c398", "fullName": "test_cases.test_web.Test_Web#test_verify_product_info_in_cart", "labels": [{"name": "tag", "value": "@pytest.mark.usefixtures('init_page')"}, {"name": "parentSuite", "value": "test_cases"}, {"name": "suite", "value": "test_web"}, {"name": "subSuite", "value": "Test_Web"}, {"name": "host", "value": "DESKTOP-L1RTC3B"}, {"name": "thread", "value": "23700-MainThread"}, {"name": "framework", "value": "pytest"}, {"name": "language", "value": "cpython3"}, {"name": "package", "value": "test_cases.test_web"}]}